# JRE version: OpenJDK Runtime Environment Temurin-21.0.11+10 (21.0.11+10) (build 21.0.11+10-LTS)
# Java VM: OpenJDK 64-Bit Server VM Temurin-21.0.11+10 (21.0.11+10-LTS, mixed mode, sharing, tiered, compressed oops, compressed class ptrs, parallel gc, windows-amd64)
GC Precious Log:
 CardTable entry size: 512
 CPUs: 8 total, 8 available
 Memory: 16078M
 Large Page Support: Disabled
 NUMA Support: Disabled
 Compressed Oops: Enabled (32-bit)
 Alignments: Space 512K, Generation 512K, Heap 2M
 Heap Min Capacity: 100M
 Heap Initial Capacity: 100M
 Heap Max Capacity: 2G
 Pre-touch: Disabled
 Parallel Workers: 8
Heap:
 PSYoungGen      total 7168K, used 5978K [0x00000000d5580000, 0x00000000d5e80000, 0x0000000100000000)
  eden space 6144K, 84% used [0x00000000d5580000,0x00000000d5a8a9c0,0x00000000d5b80000)
  from space 1024K, 79% used [0x00000000d5d80000,0x00000000d5e4c010,0x00000000d5e80000)
  to   space 1024K, 0% used [0x00000000d5b80000,0x00000000d5b80000,0x00000000d5c80000)
 ParOldGen       total 980992K, used 980512K [0x0000000080000000, 0x00000000bbe00000, 0x00000000d5580000)
  object space 980992K, 99% used [0x0000000080000000,0x00000000bbd88280,0x00000000bbe00000)
 Metaspace       used 78602K, committed 80256K, reserved 1179648K
  class space    used 7569K, committed 8320K, reserved 1048576K
GC Heap History (20 events):
Event: 5514.047 GC heap before
{Heap before GC invocations=4393 (full 10):
 PSYoungGen      total 10752K, used 10531K [0x00000000d5580000, 0x00000000d6300000, 0x0000000100000000)
  eden space 7680K, 100% used [0x00000000d5580000,0x00000000d5d00000,0x00000000d5d00000)
  from space 3072K, 92% used [0x00000000d6000000,0x00000000d62c8c08,0x00000000d6300000)
  to   space 3072K, 0% used [0x00000000d5d00000,0x00000000d5d00000,0x00000000d6000000)
 ParOldGen       total 970240K, used 969887K [0x0000000080000000, 0x00000000bb380000, 0x00000000d5580000)
  object space 970240K, 99% used [0x0000000080000000,0x00000000bb327c90,0x00000000bb380000)
 Metaspace       used 77741K, committed 79424K, reserved 1179648K
  class space    used 7478K, committed 8320K, reserved 1048576K
}
Event: 5514.053 GC heap after
{Heap after GC invocations=4393 (full 10):
 PSYoungGen      total 9216K, used 1492K [0x00000000d5580000, 0x00000000d6100000, 0x0000000100000000)
  eden space 7680K, 0% used [0x00000000d5580000,0x00000000d5580000,0x00000000d5d00000)
  from space 1536K, 97% used [0x00000000d5d00000,0x00000000d5e75200,0x00000000d5e80000)
  to   space 2048K, 0% used [0x00000000d5f00000,0x00000000d5f00000,0x00000000d6100000)
 ParOldGen       total 972800K, used 972385K [0x0000000080000000, 0x00000000bb600000, 0x00000000d5580000)
  object space 972800K, 99% used [0x0000000080000000,0x00000000bb5985c0,0x00000000bb600000)
 Metaspace       used 77741K, committed 79424K, reserved 1179648K
  class space    used 7478K, committed 8320K, reserved 1048576K
}
Event: 5514.074 GC heap before
{Heap before GC invocations=4394 (full 10):
 PSYoungGen      total 9216K, used 9172K [0x00000000d5580000, 0x00000000d6100000, 0x0000000100000000)
  eden space 7680K, 100% used [0x00000000d5580000,0x00000000d5d00000,0x00000000d5d00000)
  from space 1536K, 97% used [0x00000000d5d00000,0x00000000d5e75200,0x00000000d5e80000)
  to   space 2048K, 0% used [0x00000000d5f00000,0x00000000d5f00000,0x00000000d6100000)
 ParOldGen       total 972800K, used 972385K [0x0000000080000000, 0x00000000bb600000, 0x00000000d5580000)
  object space 972800K, 99% used [0x0000000080000000,0x00000000bb5985c0,0x00000000bb600000)
 Metaspace       used 77741K, committed 79424K, reserved 1179648K
  class space    used 7478K, committed 8320K, reserved 1048576K
}
Event: 5514.076 GC heap after
{Heap after GC invocations=4394 (full 10):
 PSYoungGen      total 8704K, used 960K [0x00000000d5580000, 0x00000000d6000000, 0x0000000100000000)
  eden space 7680K, 0% used [0x00000000d5580000,0x00000000d5580000,0x00000000d5d00000)
  from space 1024K, 93% used [0x00000000d5f00000,0x00000000d5ff0020,0x00000000d6000000)
  to   space 1536K, 0% used [0x00000000d5d00000,0x00000000d5d00000,0x00000000d5e80000)
 ParOldGen       total 973824K, used 973764K [0x0000000080000000, 0x00000000bb700000, 0x00000000d5580000)
  object space 973824K, 99% used [0x0000000080000000,0x00000000bb6f13c0,0x00000000bb700000)
 Metaspace       used 77741K, committed 79424K, reserved 1179648K
  class space    used 7478K, committed 8320K, reserved 1048576K
}
Event: 5514.131 GC heap before
{Heap before GC invocations=4395 (full 10):
 PSYoungGen      total 8704K, used 8640K [0x00000000d5580000, 0x00000000d6000000, 0x0000000100000000)
  eden space 7680K, 100% used [0x00000000d5580000,0x00000000d5d00000,0x00000000d5d00000)
  from space 1024K, 93% used [0x00000000d5f00000,0x00000000d5ff0020,0x00000000d6000000)
  to   space 1536K, 0% used [0x00000000d5d00000,0x00000000d5d00000,0x00000000d5e80000)
 ParOldGen       total 973824K, used 973764K [0x0000000080000000, 0x00000000bb700000, 0x00000000d5580000)
  object space 973824K, 99% used [0x0000000080000000,0x00000000bb6f13c0,0x00000000bb700000)
 Metaspace       used 77915K, committed 79616K, reserved 1179648K
  class space    used 7493K, committed 8320K, reserved 1048576K
}
Event: 5514.134 GC heap after
{Heap after GC invocations=4395 (full 10):
 PSYoungGen      total 9216K, used 1376K [0x00000000d5580000, 0x00000000d6000000, 0x0000000100000000)
  eden space 7680K, 0% used [0x00000000d5580000,0x00000000d5580000,0x00000000d5d00000)
  from space 1536K, 89% used [0x00000000d5d00000,0x00000000d5e58030,0x00000000d5e80000)
  to   space 1536K, 0% used [0x00000000d5e80000,0x00000000d5e80000,0x00000000d6000000)
 ParOldGen       total 974848K, used 974641K [0x0000000080000000, 0x00000000bb800000, 0x00000000d5580000)
  object space 974848K, 99% used [0x0000000080000000,0x00000000bb7cc540,0x00000000bb800000)
 Metaspace       used 77915K, committed 79616K, reserved 1179648K
  class space    used 7493K, committed 8320K, reserved 1048576K
}
Event: 5514.226 GC heap before
{Heap before GC invocations=4396 (full 10):
 PSYoungGen      total 9216K, used 9054K [0x00000000d5580000, 0x00000000d6000000, 0x0000000100000000)
  eden space 7680K, 99% used [0x00000000d5580000,0x00000000d5cff7e0,0x00000000d5d00000)
  from space 1536K, 89% used [0x00000000d5d00000,0x00000000d5e58030,0x00000000d5e80000)
  to   space 1536K, 0% used [0x00000000d5e80000,0x00000000d5e80000,0x00000000d6000000)
 ParOldGen       total 974848K, used 974641K [0x0000000080000000, 0x00000000bb800000, 0x00000000d5580000)
  object space 974848K, 99% used [0x0000000080000000,0x00000000bb7cc540,0x00000000bb800000)
 Metaspace       used 78470K, committed 80064K, reserved 1179648K
  class space    used 7550K, committed 8320K, reserved 1048576K
}
Event: 5514.228 GC heap after
{Heap after GC invocations=4396 (full 10):
 PSYoungGen      total 8192K, used 436K [0x00000000d5580000, 0x00000000d5f00000, 0x0000000100000000)
  eden space 7680K, 0% used [0x00000000d5580000,0x00000000d5580000,0x00000000d5d00000)
  from space 512K, 85% used [0x00000000d5e80000,0x00000000d5eed200,0x00000000d5f00000)
  to   space 1024K, 0% used [0x00000000d5d00000,0x00000000d5d00000,0x00000000d5e00000)
 ParOldGen       total 975872K, used 975837K [0x0000000080000000, 0x00000000bb900000, 0x00000000d5580000)
  object space 975872K, 99% used [0x0000000080000000,0x00000000bb8f7460,0x00000000bb900000)
 Metaspace       used 78470K, committed 80064K, reserved 1179648K
  class space    used 7550K, committed 8320K, reserved 1048576K
}
Event: 5514.803 GC heap before
{Heap before GC invocations=4397 (full 10):
 PSYoungGen      total 8192K, used 8094K [0x00000000d5580000, 0x00000000d5f00000, 0x0000000100000000)
  eden space 7680K, 99% used [0x00000000d5580000,0x00000000d5cfa700,0x00000000d5d00000)
  from space 512K, 85% used [0x00000000d5e80000,0x00000000d5eed200,0x00000000d5f00000)
  to   space 1024K, 0% used [0x00000000d5d00000,0x00000000d5d00000,0x00000000d5e00000)
 ParOldGen       total 975872K, used 975837K [0x0000000080000000, 0x00000000bb900000, 0x00000000d5580000)
  object space 975872K, 99% used [0x0000000080000000,0x00000000bb8f7460,0x00000000bb900000)
 Metaspace       used 78602K, committed 80256K, reserved 1179648K
  class space    used 7569K, committed 8320K, reserved 1048576K
}
Event: 5514.804 GC heap after
{Heap after GC invocations=4397 (full 10):
 PSYoungGen      total 8704K, used 256K [0x00000000d5580000, 0x00000000d5f00000, 0x0000000100000000)
  eden space 7680K, 0% used [0x00000000d5580000,0x00000000d5580000,0x00000000d5d00000)
  from space 1024K, 25% used [0x00000000d5d00000,0x00000000d5d40000,0x00000000d5e00000)
  to   space 512K, 0% used [0x00000000d5e80000,0x00000000d5e80000,0x00000000d5f00000)
 ParOldGen       total 976384K, used 976056K [0x0000000080000000, 0x00000000bb980000, 0x00000000d5580000)
  object space 976384K, 99% used [0x0000000080000000,0x00000000bb92e078,0x00000000bb980000)
 Metaspace       used 78602K, committed 80256K, reserved 1179648K
  class space    used 7569K, committed 8320K, reserved 1048576K
}
Event: 5514.816 GC heap before
{Heap before GC invocations=4398 (full 10):
 PSYoungGen      total 8704K, used 7936K [0x00000000d5580000, 0x00000000d5f00000, 0x0000000100000000)
  eden space 7680K, 100% used [0x00000000d5580000,0x00000000d5d00000,0x00000000d5d00000)
  from space 1024K, 25% used [0x00000000d5d00000,0x00000000d5d40000,0x00000000d5e00000)
  to   space 512K, 0% used [0x00000000d5e80000,0x00000000d5e80000,0x00000000d5f00000)
 ParOldGen       total 976384K, used 976056K [0x0000000080000000, 0x00000000bb980000, 0x00000000d5580000)
  object space 976384K, 99% used [0x0000000080000000,0x00000000bb92e078,0x00000000bb980000)
 Metaspace       used 78602K, committed 80256K, reserved 1179648K
  class space    used 7569K, committed 8320K, reserved 1048576K
}
Event: 5514.819 GC heap after
{Heap after GC invocations=4398 (full 10):
 PSYoungGen      total 8192K, used 506K [0x00000000d5580000, 0x00000000d6000000, 0x0000000100000000)
  eden space 7680K, 0% used [0x00000000d5580000,0x00000000d5580000,0x00000000d5d00000)
  from space 512K, 98% used [0x00000000d5e80000,0x00000000d5efe920,0x00000000d5f00000)
  to   space 1536K, 0% used [0x00000000d5d00000,0x00000000d5d00000,0x00000000d5e80000)
 ParOldGen       total 976896K, used 976832K [0x0000000080000000, 0x00000000bba00000, 0x00000000d5580000)
  object space 976896K, 99% used [0x0000000080000000,0x00000000bb9f00a8,0x00000000bba00000)
 Metaspace       used 78602K, committed 80256K, reserved 1179648K
  class space    used 7569K, committed 8320K, reserved 1048576K
}
Event: 5514.834 GC heap before
{Heap before GC invocations=4399 (full 10):
 PSYoungGen      total 8192K, used 8186K [0x00000000d5580000, 0x00000000d6000000, 0x0000000100000000)
  eden space 7680K, 100% used [0x00000000d5580000,0x00000000d5d00000,0x00000000d5d00000)
  from space 512K, 98% used [0x00000000d5e80000,0x00000000d5efe920,0x00000000d5f00000)
  to   space 1536K, 0% used [0x00000000d5d00000,0x00000000d5d00000,0x00000000d5e80000)
 ParOldGen       total 976896K, used 976832K [0x0000000080000000, 0x00000000bba00000, 0x00000000d5580000)
  object space 976896K, 99% used [0x0000000080000000,0x00000000bb9f00a8,0x00000000bba00000)
 Metaspace       used 78602K, committed 80256K, reserved 1179648K
  class space    used 7569K, committed 8320K, reserved 1048576K
}
Event: 5514.836 GC heap after
{Heap after GC invocations=4399 (full 10):
 PSYoungGen      total 9216K, used 944K [0x00000000d5580000, 0x00000000d6000000, 0x0000000100000000)
  eden space 7680K, 0% used [0x00000000d5580000,0x00000000d5580000,0x00000000d5d00000)
  from space 1536K, 61% used [0x00000000d5d00000,0x00000000d5dec030,0x00000000d5e80000)
  to   space 1536K, 0% used [0x00000000d5e80000,0x00000000d5e80000,0x00000000d6000000)
 ParOldGen       total 977408K, used 977321K [0x0000000080000000, 0x00000000bba80000, 0x00000000d5580000)
  object space 977408K, 99% used [0x0000000080000000,0x00000000bba6a7e8,0x00000000bba80000)
 Metaspace       used 78602K, committed 80256K, reserved 1179648K
  class space    used 7569K, committed 8320K, reserved 1048576K
}
Event: 5514.857 GC heap before
{Heap before GC invocations=4400 (full 10):
 PSYoungGen      total 9216K, used 8624K [0x00000000d5580000, 0x00000000d6000000, 0x0000000100000000)
  eden space 7680K, 100% used [0x00000000d5580000,0x00000000d5d00000,0x00000000d5d00000)
  from space 1536K, 61% used [0x00000000d5d00000,0x00000000d5dec030,0x00000000d5e80000)
  to   space 1536K, 0% used [0x00000000d5e80000,0x00000000d5e80000,0x00000000d6000000)
 ParOldGen       total 977408K, used 977321K [0x0000000080000000, 0x00000000bba80000, 0x00000000d5580000)
  object space 977408K, 99% used [0x0000000080000000,0x00000000bba6a7e8,0x00000000bba80000)
 Metaspace       used 78602K, committed 80256K, reserved 1179648K
  class space    used 7569K, committed 8320K, reserved 1048576K
}
Event: 5514.859 GC heap after
{Heap after GC invocations=4400 (full 10):
 PSYoungGen      total 7680K, used 1514K [0x00000000d5580000, 0x00000000d6300000, 0x0000000100000000)
  eden space 6144K, 0% used [0x00000000d5580000,0x00000000d5580000,0x00000000d5b80000)
  from space 1536K, 98% used [0x00000000d5e80000,0x00000000d5ffa920,0x00000000d6000000)
  to   space 3072K, 0% used [0x00000000d5b80000,0x00000000d5b80000,0x00000000d5e80000)
 ParOldGen       total 978432K, used 978202K [0x0000000080000000, 0x00000000bbb80000, 0x00000000d5580000)
  object space 978432K, 99% used [0x0000000080000000,0x00000000bbb46988,0x00000000bbb80000)
 Metaspace       used 78602K, committed 80256K, reserved 1179648K
  class space    used 7569K, committed 8320K, reserved 1048576K
}
Event: 5514.872 GC heap before
{Heap before GC invocations=4401 (full 10):
 PSYoungGen      total 7680K, used 7658K [0x00000000d5580000, 0x00000000d6300000, 0x0000000100000000)
  eden space 6144K, 100% used [0x00000000d5580000,0x00000000d5b80000,0x00000000d5b80000)
  from space 1536K, 98% used [0x00000000d5e80000,0x00000000d5ffa920,0x00000000d6000000)
  to   space 3072K, 0% used [0x00000000d5b80000,0x00000000d5b80000,0x00000000d5e80000)
 ParOldGen       total 978432K, used 978202K [0x0000000080000000, 0x00000000bbb80000, 0x00000000d5580000)
  object space 978432K, 99% used [0x0000000080000000,0x00000000bbb46988,0x00000000bbb80000)
 Metaspace       used 78602K, committed 80256K, reserved 1179648K
  class space    used 7569K, committed 8320K, reserved 1048576K
}
Event: 5514.874 GC heap after
{Heap after GC invocations=4401 (full 10):
 PSYoungGen      total 7168K, used 928K [0x00000000d5580000, 0x00000000d5f00000, 0x0000000100000000)
  eden space 6144K, 0% used [0x00000000d5580000,0x00000000d5580000,0x00000000d5b80000)
  from space 1024K, 90% used [0x00000000d5b80000,0x00000000d5c68020,0x00000000d5c80000)
  to   space 1536K, 0% used [0x00000000d5d80000,0x00000000d5d80000,0x00000000d5f00000)
 ParOldGen       total 979968K, used 979680K [0x0000000080000000, 0x00000000bbd00000, 0x00000000d5580000)
  object space 979968K, 99% used [0x0000000080000000,0x00000000bbcb8260,0x00000000bbd00000)
 Metaspace       used 78602K, committed 80256K, reserved 1179648K
  class space    used 7569K, committed 8320K, reserved 1048576K
}
Event: 5514.891 GC heap before
{Heap before GC invocations=4402 (full 10):
 PSYoungGen      total 7168K, used 7072K [0x00000000d5580000, 0x00000000d5f00000, 0x0000000100000000)
  eden space 6144K, 100% used [0x00000000d5580000,0x00000000d5b80000,0x00000000d5b80000)
  from space 1024K, 90% used [0x00000000d5b80000,0x00000000d5c68020,0x00000000d5c80000)
  to   space 1536K, 0% used [0x00000000d5d80000,0x00000000d5d80000,0x00000000d5f00000)
 ParOldGen       total 979968K, used 979680K [0x0000000080000000, 0x00000000bbd00000, 0x00000000d5580000)
  object space 979968K, 99% used [0x0000000080000000,0x00000000bbcb8260,0x00000000bbd00000)
 Metaspace       used 78602K, committed 80256K, reserved 1179648K
  class space    used 7569K, committed 8320K, reserved 1048576K
}
Event: 5514.894 GC heap after
{Heap after GC invocations=4402 (full 10):
 PSYoungGen      total 7168K, used 816K [0x00000000d5580000, 0x00000000d5e80000, 0x0000000100000000)
  eden space 6144K, 0% used [0x00000000d5580000,0x00000000d5580000,0x00000000d5b80000)
  from space 1024K, 79% used [0x00000000d5d80000,0x00000000d5e4c010,0x00000000d5e80000)
  to   space 1024K, 0% used [0x00000000d5b80000,0x00000000d5b80000,0x00000000d5c80000)
 ParOldGen       total 980992K, used 980512K [0x0000000080000000, 0x00000000bbe00000, 0x00000000d5580000)
  object space 980992K, 99% used [0x0000000080000000,0x00000000bbd88280,0x00000000bbe00000)
 Metaspace       used 78602K, committed 80256K, reserved 1179648K
  class space    used 7569K, committed 8320K, reserved 1048576K
}

